[0mGET / [36m304[0m 263.311 ms - -[0m
[0mGET /js/home_post_comments.js [33m404[0m 21.276 ms - 163[0m
[0mGET /css/header.css [33m404[0m 40.657 ms - 153[0m
[0mGET /css/layout.css [33m404[0m 40.168 ms - 153[0m
[0mGET /js/toggle_likes.js [33m404[0m 38.650 ms - 157[0m
[0mGET /css/footer.css [33m404[0m 42.326 ms - 153[0m
[0mGET /js/chat_engine.js [33m404[0m 25.227 ms - 156[0m
[0mGET /js/home_posts.js [33m404[0m 45.273 ms - 155[0m
[0mGET /css/chat_box.css [33m404[0m 42.796 ms - 155[0m
[0mGET /css/home.css [33m404[0m 46.841 ms - 151[0m
[0mGET /js/toggle_likes.js [33m404[0m 5.229 ms - 157[0m
[0mGET /js/chat_engine.js [33m404[0m 8.677 ms - 156[0m
[0mGET / [36m304[0m 200.802 ms - -[0m
[0mGET /js/home_post_comments.js [33m404[0m 14.056 ms - 163[0m
[0mGET /css/layout.css [33m404[0m 26.450 ms - 153[0m
[0mGET /css/header.css [33m404[0m 46.425 ms - 153[0m
[0mGET /css/home.css [33m404[0m 47.378 ms - 151[0m
[0mGET /css/footer.css [33m404[0m 43.005 ms - 153[0m
[0mGET /css/chat_box.css [33m404[0m 72.444 ms - 155[0m
[0mGET /js/toggle_likes.js [33m404[0m 55.205 ms - 157[0m
[0mGET /js/chat_engine.js [33m404[0m 64.037 ms - 156[0m
[0mGET /js/home_posts.js [33m404[0m 29.108 ms - 155[0m
[0mGET /js/toggle_likes.js [33m404[0m 5.348 ms - 157[0m
[0mGET /js/chat_engine.js [33m404[0m 5.445 ms - 156[0m
[0mGET / [36m304[0m 442.885 ms - -[0m
[0mGET /js/home_post_comments.js [33m404[0m 103.054 ms - 163[0m
[0mGET /js/home_posts.js [33m404[0m 105.532 ms - 155[0m
[0mGET /js/toggle_likes.js [33m404[0m 108.755 ms - 157[0m
[0mGET /js/chat_engine.js [33m404[0m 27.762 ms - 156[0m
[0mGET /users/sign-up [36m304[0m 22.518 ms - -[0m
[0mGET /css/layout.css [33m404[0m 11.400 ms - 153[0m
[0mGET /css/header.css [33m404[0m 21.553 ms - 153[0m
[0mGET /css/footer.css [33m404[0m 16.535 ms - 153[0m
[0mGET /users/sign-up [36m304[0m 133.520 ms - -[0m
[0mGET /users/auth/google [36m302[0m 52.194 ms - 0[0m
[0mGET /users/auth/google/callback?code=4%2F4gHXSmJgDfVVWWdToKG2EryH0COd8u8nExPiH5K2S--3FSH0zM2plNQ7jSo82WLjYKKpFEoHZ_2UTJkL-rGJBhw&scope=email+profile+https%3A%2F%2Fwww.googleapis.com%2Fauth%2Fuserinfo.profile+https%3A%2F%2Fwww.googleapis.com%2Fauth%2Fuserinfo.email+openid&authuser=0&prompt=consent [36m302[0m 2184.134 ms - 46[0m
[0mGET / [32m200[0m 535.042 ms - 26966[0m
[0mGET /js/home_post_comments.js [33m404[0m 45.141 ms - 163[0m
[0mGET /css/header.css [33m404[0m 290.852 ms - 153[0m
[0mGET /css/layout.css [33m404[0m 290.778 ms - 153[0m
[0mGET /css/footer.css [33m404[0m 702.861 ms - 153[0m
[0mGET /js/home_posts.js [33m404[0m 308.844 ms - 155[0m
[0mGET /js/toggle_likes.js [33m404[0m 312.299 ms - 157[0m
[0mGET /js/chat_engine.js [33m404[0m 136.634 ms - 156[0m
[0mGET /css/header.css [33m404[0m 107.102 ms - 153[0m
[0mGET /css/layout.css [33m404[0m 115.570 ms - 153[0m
[0mGET /js/home_post_comments.js [33m404[0m 89.038 ms - 163[0m
[0mGET /js/home_posts.js [33m404[0m 16.122 ms - 155[0m
[0mGET /js/toggle_likes.js [33m404[0m 14.394 ms - 157[0m
[0mGET /js/chat_engine.js [33m404[0m 12.478 ms - 156[0m
[0mGET / [32m200[0m 424.904 ms - 26766[0m
[0mGET /js/home_posts.js [33m404[0m 219.182 ms - 155[0m
[0mGET /js/toggle_likes.js [33m404[0m 116.130 ms - 157[0m
[0mGET /js/chat_engine.js [33m404[0m 74.272 ms - 156[0m
[0mGET /js/home_post_comments.js [33m404[0m 79.263 ms - 163[0m
[0mGET /js/home_posts.js [33m404[0m 14.699 ms - 155[0m
[0mGET /js/toggle_likes.js [33m404[0m 14.406 ms - 157[0m
[0mGET /js/chat_engine.js [33m404[0m 12.972 ms - 156[0m
